<?xml version="1.0" encoding="UTF-8"?>
<!-- Generated by org.testng.reporters.JUnitReportReporter -->
<testsuite skipped="0" hostname="LAPTOP-NSBDKA9J" name="testDatabase.TC002_insertStudent" tests="1" failures="0" timestamp="07 Nov 2017 23:51:38 GMT" time="2.206" errors="0">
  <testcase name="createStudent" time="2.206" classname="testDatabase.TC002_insertStudent"/>
</testsuite> <!-- testDatabase.TC002_insertStudent -->
