<?xml version="1.0" encoding="UTF-8"?>
<!-- Generated by org.testng.reporters.JUnitReportReporter -->
<testsuite skipped="0" hostname="LAPTOP-NSBDKA9J" name="testDatabase.dataProvider" tests="3" failures="0" timestamp="07 Nov 2017 21:41:36 GMT" time="1.697" errors="0">
  <testcase name="getStudentDetails" time="0.090" classname="testDatabase.dataProvider"/>
  <testcase name="getStudentDetails" time="0.042" classname="testDatabase.dataProvider"/>
  <testcase name="getStudentDetails" time="1.565" classname="testDatabase.dataProvider"/>
</testsuite> <!-- testDatabase.dataProvider -->
