<?xml version="1.0" encoding="UTF-8"?>
<!-- Generated by org.testng.reporters.JUnitReportReporter -->
<testsuite skipped="0" hostname="LAPTOP-NSBDKA9J" name="testExcelData.TC002_getCountry" tests="8" failures="0" timestamp="09 Nov 2017 04:43:04 GMT" time="3.516" errors="0">
  <testcase name="countryName" time="2.021" classname="testExcelData.TC002_getCountry"/>
  <testcase name="countryName" time="0.197" classname="testExcelData.TC002_getCountry"/>
  <testcase name="countryName" time="0.220" classname="testExcelData.TC002_getCountry"/>
  <testcase name="countryName" time="0.269" classname="testExcelData.TC002_getCountry"/>
  <testcase name="countryName" time="0.180" classname="testExcelData.TC002_getCountry"/>
  <testcase name="countryName" time="0.215" classname="testExcelData.TC002_getCountry"/>
  <testcase name="countryName" time="0.194" classname="testExcelData.TC002_getCountry"/>
  <testcase name="countryName" time="0.220" classname="testExcelData.TC002_getCountry"/>
</testsuite> <!-- testExcelData.TC002_getCountry -->
