<?xml version="1.0" encoding="UTF-8"?>
<!-- Generated by org.testng.reporters.JUnitReportReporter -->
<testsuite skipped="0" hostname="LAPTOP-NSBDKA9J" name="testDatabase.TC001_getLocationDetails" tests="3" failures="0" timestamp="09 Nov 2017 05:01:41 GMT" time="2.379" errors="0">
  <testcase name="getLocationDetails" time="2.219" classname="testDatabase.TC001_getLocationDetails"/>
  <testcase name="getLocationDetails" time="0.069" classname="testDatabase.TC001_getLocationDetails"/>
  <testcase name="getLocationDetails" time="0.091" classname="testDatabase.TC001_getLocationDetails"/>
</testsuite> <!-- testDatabase.TC001_getLocationDetails -->
