<?xml version="1.0" encoding="UTF-8"?>
<!-- Generated by org.testng.reporters.JUnitReportReporter -->
<testsuite skipped="0" hostname="LAPTOP-NSBDKA9J" name="testDatabase.TC005_getStudents" tests="1" failures="0" timestamp="07 Nov 2017 21:44:19 GMT" time="1.997" errors="0">
  <testcase name="getZipcodes" time="1.997" classname="testDatabase.TC005_getStudents"/>
</testsuite> <!-- testDatabase.TC005_getStudents -->
