<?xml version="1.0" encoding="UTF-8"?>
<!-- Generated by org.testng.reporters.JUnitReportReporter -->
<testsuite skipped="0" hostname="LAPTOP-NSBDKA9J" name="testDatabase.TC001_getStudentDetails" tests="1" failures="0" timestamp="06 Nov 2017 14:57:50 GMT" time="2.093" errors="0">
  <testcase name="getZipcodes" time="2.093" classname="testDatabase.TC001_getStudentDetails"/>
</testsuite> <!-- testDatabase.TC001_getStudentDetails -->
