<?xml version="1.0" encoding="UTF-8"?>
<!-- Generated by org.testng.reporters.JUnitReportReporter -->
<testsuite skipped="0" hostname="LAPTOP-NSBDKA9J" name="testDatabase.TC005_getStudentList" tests="4" failures="0" timestamp="07 Nov 2017 23:27:37 GMT" time="1.890" errors="0">
  <testcase name="getStudentDetails" time="0.065" classname="testDatabase.TC005_getStudentList"/>
  <testcase name="getStudentDetails" time="0.042" classname="testDatabase.TC005_getStudentList"/>
  <testcase name="getStudentDetails" time="1.737" classname="testDatabase.TC005_getStudentList"/>
  <testcase name="getStudentDetails" time="0.046" classname="testDatabase.TC005_getStudentList"/>
</testsuite> <!-- testDatabase.TC005_getStudentList -->
