<?xml version="1.0" encoding="UTF-8"?>
<!-- Generated by org.testng.reporters.JUnitReportReporter -->
<testsuite skipped="0" hostname="LAPTOP-NSBDKA9J" name="testClass.checkingData" tests="19" failures="0" timestamp="05 Nov 2017 00:30:27 GMT" time="8.690" errors="0">
  <testcase name="locationTest" time="2.375" classname="testClass.checkingData"/>
  <testcase name="locationTest" time="0.395" classname="testClass.checkingData"/>
  <testcase name="locationTest" time="0.379" classname="testClass.checkingData"/>
  <testcase name="locationTest" time="0.400" classname="testClass.checkingData"/>
  <testcase name="locationTest" time="0.325" classname="testClass.checkingData"/>
  <testcase name="locationTest" time="0.299" classname="testClass.checkingData"/>
  <testcase name="locationTest" time="0.415" classname="testClass.checkingData"/>
  <testcase name="locationTest" time="0.421" classname="testClass.checkingData"/>
  <testcase name="locationTest" time="0.302" classname="testClass.checkingData"/>
  <testcase name="locationTest" time="0.408" classname="testClass.checkingData"/>
  <testcase name="locationTest" time="0.377" classname="testClass.checkingData"/>
  <testcase name="locationTest" time="0.301" classname="testClass.checkingData"/>
  <testcase name="locationTest" time="0.306" classname="testClass.checkingData"/>
  <testcase name="locationTest" time="0.362" classname="testClass.checkingData"/>
  <testcase name="locationTest" time="0.310" classname="testClass.checkingData"/>
  <testcase name="locationTest" time="0.319" classname="testClass.checkingData"/>
  <testcase name="locationTest" time="0.290" classname="testClass.checkingData"/>
  <testcase name="locationTest" time="0.308" classname="testClass.checkingData"/>
  <testcase name="locationTest" time="0.398" classname="testClass.checkingData"/>
</testsuite> <!-- testClass.checkingData -->
