<?xml version="1.0" encoding="UTF-8"?>
<!-- Generated by org.testng.reporters.JUnitReportReporter -->
<testsuite skipped="0" hostname="LAPTOP-NSBDKA9J" name="testExcelData.TC001_getCircuitLocation" tests="19" failures="0" timestamp="09 Nov 2017 04:37:45 GMT" time="8.512" errors="0">
  <testcase name="locationTest" time="0.333" classname="testExcelData.TC001_getCircuitLocation"/>
  <testcase name="locationTest" time="0.437" classname="testExcelData.TC001_getCircuitLocation"/>
  <testcase name="locationTest" time="0.300" classname="testExcelData.TC001_getCircuitLocation"/>
  <testcase name="locationTest" time="0.314" classname="testExcelData.TC001_getCircuitLocation"/>
  <testcase name="locationTest" time="0.327" classname="testExcelData.TC001_getCircuitLocation"/>
  <testcase name="locationTest" time="0.311" classname="testExcelData.TC001_getCircuitLocation"/>
  <testcase name="locationTest" time="1.898" classname="testExcelData.TC001_getCircuitLocation"/>
  <testcase name="locationTest" time="0.386" classname="testExcelData.TC001_getCircuitLocation"/>
  <testcase name="locationTest" time="0.380" classname="testExcelData.TC001_getCircuitLocation"/>
  <testcase name="locationTest" time="0.406" classname="testExcelData.TC001_getCircuitLocation"/>
  <testcase name="locationTest" time="0.396" classname="testExcelData.TC001_getCircuitLocation"/>
  <testcase name="locationTest" time="0.396" classname="testExcelData.TC001_getCircuitLocation"/>
  <testcase name="locationTest" time="0.405" classname="testExcelData.TC001_getCircuitLocation"/>
  <testcase name="locationTest" time="0.297" classname="testExcelData.TC001_getCircuitLocation"/>
  <testcase name="locationTest" time="0.406" classname="testExcelData.TC001_getCircuitLocation"/>
  <testcase name="locationTest" time="0.398" classname="testExcelData.TC001_getCircuitLocation"/>
  <testcase name="locationTest" time="0.318" classname="testExcelData.TC001_getCircuitLocation"/>
  <testcase name="locationTest" time="0.396" classname="testExcelData.TC001_getCircuitLocation"/>
  <testcase name="locationTest" time="0.408" classname="testExcelData.TC001_getCircuitLocation"/>
</testsuite> <!-- testExcelData.TC001_getCircuitLocation -->
